<?xml version="1.0" encoding="UTF-8"?>
<!-- Generated by org.testng.reporters.JUnitReportReporter -->
<testsuite skipped="0" hostname="Pujas-MacBook-Air.local" name="SecondSase" tests="1" failures="0" timestamp="27 Dec 2020 11:22:51 GMT" time="0.007" errors="0">
  <testcase name="checktest" time="0.007" classname="SecondSase"/>
</testsuite> <!-- SecondSase -->
