<?xml version="1.0" encoding="UTF-8"?>
<!-- Generated by org.testng.reporters.JUnitReportReporter -->
<testsuite skipped="0" hostname="Pujas-MacBook-Air.local" name="Verification" tests="1" failures="0" timestamp="27 Dec 2020 11:46:21 GMT" time="0.022" errors="0">
  <testcase name="datavalidationtest" time="0.022" classname="Verification"/>
</testsuite> <!-- Verification -->
