<?xml version="1.0" encoding="UTF-8"?>
<!-- Generated by org.testng.reporters.JUnitReportReporter -->
<testsuite skipped="1" hostname="Pujas-MacBook-Air.local" name="FirstCase" tests="3" failures="0" timestamp="27 Dec 2020 12:01:43 GMT" time="0.037" errors="0">
  <testcase name="dologintest" time="0.034" classname="FirstCase"/>
  <testcase name="contactustest" time="0.003" classname="FirstCase"/>
  <testcase name="doregistrationtest" classname="FirstCase">
    <skipped/>
  </testcase> <!-- doregistrationtest -->
</testsuite> <!-- FirstCase -->
