<?xml version="1.0" encoding="UTF-8"?>
<!-- Generated by org.testng.reporters.JUnitReportReporter -->
<testsuite skipped="0" hostname="Pujas-MacBook-Air.local" name="Handling_Parameterization" tests="4" failures="0" timestamp="03 Jan 2021 04:14:02 GMT" time="0.067" errors="0">
  <testcase name="doRegistrationTest" time="0.008" classname="Handling_Parameterization"/>
  <testcase name="doRegistrationTest" time="0.023" classname="Handling_Parameterization"/>
  <testcase name="loginTest" time="0.002" classname="Handling_Parameterization"/>
  <testcase name="loginTest" time="0.034" classname="Handling_Parameterization"/>
</testsuite> <!-- Handling_Parameterization -->
