<?xml version="1.0" encoding="UTF-8"?>
<!-- Generated by org.testng.reporters.JUnitReportReporter -->
<testsuite skipped="0" hostname="Pujas-MacBook-Air.local" name="ThirdClass" tests="1" failures="0" timestamp="27 Dec 2020 11:31:11 GMT" time="0.013" errors="0">
  <testcase name="checkresultest" time="0.013" classname="ThirdClass"/>
</testsuite> <!-- ThirdClass -->
