<?xml version="1.0" encoding="UTF-8"?>
<!-- Generated by org.testng.reporters.JUnitReportReporter -->
<testsuite skipped="0" hostname="Pujas-MacBook-Air.local" name="Handling_FilteringTestCase" tests="3" failures="0" timestamp="09 Jan 2021 04:36:21 GMT" time="0.012" errors="0">
  <testcase name="getcourseTest" time="0.002" classname="Handling_FilteringTestCase"/>
  <testcase name="dologinTest" time="0.003" classname="Handling_FilteringTestCase"/>
  <testcase name="carttest" time="0.007" classname="Handling_FilteringTestCase"/>
</testsuite> <!-- Handling_FilteringTestCase -->
